<?xml version="1.0" encoding="UTF-8"?>
<!-- Generated by org.testng.reporters.JUnitReportReporter -->
<testsuite hostname="DESKTOP-PSNV2LH" failures="0" tests="1" name="youtubePack.YouTubeTC" time="14.578" errors="0" timestamp="2022-05-23T19:25:45 IST" skipped="0">
  <testcase classname="youtubePack.YouTubeTC" name="playASong" time="14.578"/>
  <system-out/>
</testsuite> <!-- youtubePack.YouTubeTC -->
