<?xml version="1.0" encoding="UTF-8"?>
<!-- Generated by org.testng.reporters.JUnitReportReporter -->
<testsuite hostname="DESKTOP-PSNV2LH" failures="0" tests="2" name="myntraPack.MyntraTC" time="41.583" errors="0" timestamp="2022-05-23T16:11:37 IST" skipped="0">
  <testcase classname="myntraPack.MyntraTC" name="orderDress" time="15.669"/>
  <system-out/>
  <testcase classname="myntraPack.MyntraTC" name="checkBag" time="25.914"/>
  <system-out/>
</testsuite> <!-- myntraPack.MyntraTC -->
