<?xml version="1.0" encoding="UTF-8"?>
<!-- Generated by org.testng.reporters.JUnitReportReporter -->
<testsuite hostname="DESKTOP-PSNV2LH" failures="0" tests="1" name="testPack.TestClass" time="0.010" errors="0" timestamp="2022-05-20T21:56:36 IST" skipped="0">
  <testcase classname="testPack.TestClass" name="test" time="0.010"/>
  <system-out/>
</testsuite> <!-- testPack.TestClass -->
